\BOOKMARK [0][-]{chapter*.1}{D\351dicaces}{}% 1
\BOOKMARK [0][-]{chapter*.2}{Remerciements}{}% 2
\BOOKMARK [0][-]{chapter*.6}{Introduction G\351n\351rale}{}% 3
\BOOKMARK [0][-]{chapter.1}{Les bases}{}% 4
\BOOKMARK [1][-]{section.1.1}{Introduction du chapitre}{chapter.1}% 5
\BOOKMARK [1][-]{section.1.2}{\311criture d'un paragraphe simple}{chapter.1}% 6
\BOOKMARK [2][-]{subsection.1.2.1}{Activit\351s r\351alis\351es }{section.1.2}% 7
\BOOKMARK [2][-]{subsection.1.2.2}{Lettre de motivation}{section.1.2}% 8
\BOOKMARK [1][-]{section.1.3}{Insertion de figure}{chapter.1}% 9
\BOOKMARK [1][-]{section.1.4}{Insertion d'un tableau}{chapter.1}% 10
\BOOKMARK [1][-]{section.1.5}{Les listes}{chapter.1}% 11
\BOOKMARK [2][-]{subsection.1.5.1}{Les listes num\351rot\351es}{section.1.5}% 12
\BOOKMARK [2][-]{subsection.1.5.2}{Les listes non num\351rot\351es}{section.1.5}% 13
\BOOKMARK [1][-]{section.1.6}{Conclusion du chapitre}{chapter.1}% 14
\BOOKMARK [0][-]{chapter.2}{La bibliographie}{}% 15
\BOOKMARK [1][-]{section.2.1}{Introduction du chapitre}{chapter.2}% 16
\BOOKMARK [1][-]{section.2.2}{Gestion les r\351f\351rences bibliographiques}{chapter.2}% 17
\BOOKMARK [1][-]{section.2.3}{Conclusion du chapitre}{chapter.2}% 18
\BOOKMARK [0][-]{chapter.3}{Traitement des \351quations}{}% 19
\BOOKMARK [1][-]{section.3.1}{Introduction du chapitre}{chapter.3}% 20
\BOOKMARK [1][-]{section.3.2}{Les \351quations non num\351rot\351es}{chapter.3}% 21
\BOOKMARK [1][-]{section.3.3}{Les \351quations num\351rot\351es}{chapter.3}% 22
\BOOKMARK [1][-]{section.3.4}{les \351quations sur plusieurs lignes}{chapter.3}% 23
\BOOKMARK [1][-]{section.3.5}{\311quations compliqu\351es}{chapter.3}% 24
\BOOKMARK [1][-]{section.3.6}{Conclusion du chapitre}{chapter.3}% 25
\BOOKMARK [0][-]{chapter*.7}{Conclusion G\351n\351rale et Perspectives}{}% 26
\BOOKMARK [0][-]{chapter*.8}{Annexe 1, Les candidats class\351s par ordre alphab\351tique}{}% 27
\BOOKMARK [0][-]{chapter*.9}{Annexe 2, D\351tails de calcul du score}{}% 28
