This is pdfTeX, Version 3.1415926-2.5-1.40.14 (MiKTeX 2.9) (preloaded format=pdflatex 2014.10.26)  5 OCT 2016 17:24
entering extended mode
**Main.tex
("F:\Rapport ISTIC\Rapport ISTIC\Main.tex"
LaTeX2e <2014/05/01>
Babel <3.9l> and hyphenation patterns for 68 languages loaded.
("C:\Program Files (x86)\MiKTeX 2.9\tex\latex\base\report.cls"
Document Class: report 2014/09/29 v1.4h Standard LaTeX document class
("C:\Program Files (x86)\MiKTeX 2.9\tex\latex\base\size10.clo"
File: size10.clo 2014/09/29 v1.4h Standard LaTeX file (size option)
)
\c@part=\count79
\c@chapter=\count80
\c@section=\count81
\c@subsection=\count82
\c@subsubsection=\count83
\c@paragraph=\count84
\c@subparagraph=\count85
\c@figure=\count86
\c@table=\count87
\abovecaptionskip=\skip41
\belowcaptionskip=\skip42
\bibindent=\dimen102
)
("C:\Program Files (x86)\MiKTeX 2.9\tex\latex\babel\babel.sty"
Package: babel 2014/09/25 3.9l The Babel package

*************************************
* Local config file bblopts.cfg used
*
("C:\Program Files (x86)\MiKTeX 2.9\tex\latex\00miktex\bblopts.cfg"
File: bblopts.cfg 2006/07/31 v1.0 MiKTeX 'babel' configuration
)
("C:\Program Files (x86)\MiKTeX 2.9\tex\latex\babel-french\frenchb.ldf"
Language: frenchb 2014/09/16 v3.1b French support from the babel system

("C:\Program Files (x86)\MiKTeX 2.9\tex\latex\babel\babel.def"
File: babel.def 2014/09/25 3.9l Babel common definitions
\babel@savecnt=\count88
\U@D=\dimen103
)
\l@acadian = a dialect from \language\l@french 
\l@canadien = a dialect from \language\l@french 
\FBcolonskip=\skip43
\FBthinskip=\skip44
\FB@interchartokenstateORI=\count89
Package babel Info: Making : an active character on input line 371.
Package babel Info: Making ; an active character on input line 372.
Package babel Info: Making ! an active character on input line 373.
Package babel Info: Making ? an active character on input line 374.
\FBguillskip=\skip45
\FBguill@level=\count90
\FB@Mht=\dimen104
\std@mcc=\count91
\dec@mcc=\count92
\listindentFB=\skip46
\labelwidthFB=\skip47
\leftmarginFB=\skip48
\parindentFFN=\dimen105
))
("C:\Program Files (x86)\MiKTeX 2.9\tex\latex\carlisle\scalefnt.sty")
("C:\Program Files (x86)\MiKTeX 2.9\tex\latex\graphics\keyval.sty"
Package: keyval 2014/05/08 v1.15 key=value parser (DPC)
\KV@toks@=\toks14
)
("C:\Program Files (x86)\MiKTeX 2.9\tex\latex\base\inputenc.sty"
Package: inputenc 2014/04/30 v1.2b Input encoding file
\inpenc@prehook=\toks15
\inpenc@posthook=\toks16

("C:\Program Files (x86)\MiKTeX 2.9\tex\latex\base\latin1.def"
File: latin1.def 2014/04/30 v1.2b Input encoding file
))
("C:\Program Files (x86)\MiKTeX 2.9\tex\latex\base\fontenc.sty"
Package: fontenc 2005/09/27 v1.99g Standard LaTeX package

("C:\Program Files (x86)\MiKTeX 2.9\tex\latex\base\t1enc.def"
File: t1enc.def 2005/09/27 v1.99g Standard LaTeX file
LaTeX Font Info:    Redeclaring font encoding T1 on input line 43.
))
("C:\Program Files (x86)\MiKTeX 2.9\tex\latex\graphics\graphicx.sty"
Package: graphicx 2014/04/25 v1.0g Enhanced LaTeX Graphics (DPC,SPQR)

("C:\Program Files (x86)\MiKTeX 2.9\tex\latex\graphics\graphics.sty"
Package: graphics 2009/02/05 v1.0o Standard LaTeX Graphics (DPC,SPQR)

("C:\Program Files (x86)\MiKTeX 2.9\tex\latex\graphics\trig.sty"
Package: trig 1999/03/16 v1.09 sin cos tan (DPC)
)
("C:\Program Files (x86)\MiKTeX 2.9\tex\latex\00miktex\graphics.cfg"
File: graphics.cfg 2007/01/18 v1.5 graphics configuration of teTeX/TeXLive
)
Package graphics Info: Driver file: pdftex.def on input line 91.

("C:\Program Files (x86)\MiKTeX 2.9\tex\latex\pdftex-def\pdftex.def"
File: pdftex.def 2011/05/27 v0.06d Graphics/color for pdfTeX

("C:\Program Files (x86)\MiKTeX 2.9\tex\generic\oberdiek\infwarerr.sty"
Package: infwarerr 2010/04/08 v1.3 Providing info/warning/error messages (HO)
)
("C:\Program Files (x86)\MiKTeX 2.9\tex\generic\oberdiek\ltxcmds.sty"
Package: ltxcmds 2011/11/09 v1.22 LaTeX kernel commands for general use (HO)
)
\Gread@gobject=\count93
))
\Gin@req@height=\dimen106
\Gin@req@width=\dimen107
)
("C:\Program Files (x86)\MiKTeX 2.9\tex\latex\setspace\setspace.sty"
Package: setspace 2011/12/19 v6.7a set line spacing
)
("C:\Program Files (x86)\MiKTeX 2.9\tex\latex\tools\varioref.sty"
Package: varioref 2014/07/03 v1.5a package for extended references (FMi)
\c@vrcnt=\count94
)
("C:\Program Files (x86)\MiKTeX 2.9\tex\latex\fancyhdr\fancyhdr.sty"
\fancy@headwidth=\skip49
\f@ncyO@elh=\skip50
\f@ncyO@erh=\skip51
\f@ncyO@olh=\skip52
\f@ncyO@orh=\skip53
\f@ncyO@elf=\skip54
\f@ncyO@erf=\skip55
\f@ncyO@olf=\skip56
\f@ncyO@orf=\skip57
)
("C:\Program Files (x86)\MiKTeX 2.9\tex\latex\graphics\color.sty"
Package: color 2014/04/23 v1.1a Standard LaTeX Color (DPC)

("C:\Program Files (x86)\MiKTeX 2.9\tex\latex\00miktex\color.cfg"
File: color.cfg 2007/01/18 v1.5 color configuration of teTeX/TeXLive
)
Package color Info: Driver file: pdftex.def on input line 137.
)
("C:\Program Files (x86)\MiKTeX 2.9\tex\latex\colortbl\colortbl.sty"
Package: colortbl 2012/02/13 v1.0a Color table columns (DPC)

("C:\Program Files (x86)\MiKTeX 2.9\tex\latex\tools\array.sty"
Package: array 2008/09/09 v2.4c Tabular extension package (FMi)
\col@sep=\dimen108
\extrarowheight=\dimen109
\NC@list=\toks17
\extratabsurround=\skip58
\backup@length=\skip59
)
\everycr=\toks18
\minrowclearance=\skip60
)
("C:\Program Files (x86)\MiKTeX 2.9\tex\latex\amsmath\amsmath.sty"
Package: amsmath 2013/01/14 v2.14 AMS math features
\@mathmargin=\skip61

For additional information on amsmath, use the `?' option.
("C:\Program Files (x86)\MiKTeX 2.9\tex\latex\amsmath\amstext.sty"
Package: amstext 2000/06/29 v2.01

("C:\Program Files (x86)\MiKTeX 2.9\tex\latex\amsmath\amsgen.sty"
File: amsgen.sty 1999/11/30 v2.0
\@emptytoks=\toks19
\ex@=\dimen110
))
("C:\Program Files (x86)\MiKTeX 2.9\tex\latex\amsmath\amsbsy.sty"
Package: amsbsy 1999/11/29 v1.2d
\pmbraise@=\dimen111
)
("C:\Program Files (x86)\MiKTeX 2.9\tex\latex\amsmath\amsopn.sty"
Package: amsopn 1999/12/14 v2.01 operator names
)
\inf@bad=\count95
LaTeX Info: Redefining \frac on input line 210.
\uproot@=\count96
\leftroot@=\count97
LaTeX Info: Redefining \overline on input line 306.
\classnum@=\count98
\DOTSCASE@=\count99
LaTeX Info: Redefining \ldots on input line 378.
LaTeX Info: Redefining \dots on input line 381.
LaTeX Info: Redefining \cdots on input line 466.
\Mathstrutbox@=\box26
\strutbox@=\box27
\big@size=\dimen112
LaTeX Font Info:    Redeclaring font encoding OML on input line 566.
LaTeX Font Info:    Redeclaring font encoding OMS on input line 567.
\macc@depth=\count100
\c@MaxMatrixCols=\count101
\dotsspace@=\muskip10
\c@parentequation=\count102
\dspbrk@lvl=\count103
\tag@help=\toks20
\row@=\count104
\column@=\count105
\maxfields@=\count106
\andhelp@=\toks21
\eqnshift@=\dimen113
\alignsep@=\dimen114
\tagshift@=\dimen115
\tagwidth@=\dimen116
\totwidth@=\dimen117
\lineht@=\dimen118
\@envbody=\toks22
\multlinegap=\skip62
\multlinetaggap=\skip63
\mathdisplay@stack=\toks23
LaTeX Info: Redefining \[ on input line 2665.
LaTeX Info: Redefining \] on input line 2666.
) ("F:\Rapport ISTIC\Rapport ISTIC\Main.aux"
("F:\Rapport ISTIC\Rapport ISTIC\Garde.aux") ("F:\Rapport ISTIC\Rapport ISTIC\Dedicaces.aux")
("F:\Rapport ISTIC\Rapport ISTIC\Remerciements.aux") ("F:\Rapport ISTIC\Rapport ISTIC\Introduction.aux")
("F:\Rapport ISTIC\Rapport ISTIC\Chapitre1.aux") ("F:\Rapport ISTIC\Rapport ISTIC\Chapitre2.aux")
("F:\Rapport ISTIC\Rapport ISTIC\Chapitre3.aux") ("F:\Rapport ISTIC\Rapport ISTIC\Conclusion.aux")
("F:\Rapport ISTIC\Rapport ISTIC\Annexe1.aux") ("F:\Rapport ISTIC\Rapport ISTIC\Annexe2.aux"))
LaTeX Font Info:    Checking defaults for OML/cmm/m/it on input line 39.
LaTeX Font Info:    ... okay on input line 39.
LaTeX Font Info:    Checking defaults for T1/cmr/m/n on input line 39.
LaTeX Font Info:    ... okay on input line 39.
LaTeX Font Info:    Checking defaults for OT1/cmr/m/n on input line 39.
LaTeX Font Info:    ... okay on input line 39.
LaTeX Font Info:    Checking defaults for OMS/cmsy/m/n on input line 39.
LaTeX Font Info:    ... okay on input line 39.
LaTeX Font Info:    Checking defaults for OMX/cmex/m/n on input line 39.
LaTeX Font Info:    ... okay on input line 39.
LaTeX Font Info:    Checking defaults for U/cmr/m/n on input line 39.
LaTeX Font Info:    ... okay on input line 39.
LaTeX Info: Redefining \degres on input line 39.
LaTeX Info: Redefining \dots on input line 39.
LaTeX Info: Redefining \up on input line 39.

("C:\Program Files (x86)\MiKTeX 2.9\tex\context\base\supp-pdf.mkii"
[Loading MPS to PDF converter (version 2006.09.02).]
\scratchcounter=\count107
\scratchdimen=\dimen119
\scratchbox=\box28
\nofMPsegments=\count108
\nofMParguments=\count109
\everyMPshowfont=\toks24
\MPscratchCnt=\count110
\MPscratchDim=\dimen120
\MPnumerator=\count111
\makeMPintoPDFobject=\count112
\everyMPtoPDFconversion=\toks25
) ("F:\Rapport ISTIC\Rapport ISTIC\Garde.tex" <ucar.png, id=1, 150.5625pt x 93.34875pt>
File: ucar.png Graphic file (type png)
 <use ucar.png>
Package pdftex.def Info: ucar.png used on input line 13.
(pdftex.def)             Requested size: 85.35826pt x 52.92445pt.

<ISTIC.png, id=2, 117.43875pt x 57.21375pt>
File: ISTIC.png Graphic file (type png)
 <use ISTIC.png>
Package pdftex.def Info: ISTIC.png used on input line 21.
(pdftex.def)             Requested size: 85.35826pt x 41.58496pt.
 <Sopal.png, id=4, 212.29312pt x 69.25874pt>
File: Sopal.png Graphic file (type png)
 <use Sopal.png>
Package pdftex.def Info: Sopal.png used on input line 37.
(pdftex.def)             Requested size: 85.35826pt x 27.84778pt.

Underfull \hbox (badness 10000) in paragraph at lines 50--51

 []

[1


{C:/ProgramData/MiKTeX/2.9/pdftex/config/pdftex.map} <F:/Rapport ISTIC/Rapport ISTIC/ucar.png> <F:/Rapport ISTIC/Rapport
 ISTIC/ISTIC.png> <F:/Rapport ISTIC/Rapport ISTIC/Sopal.png>]) ("F:\Rapport ISTIC\Rapport ISTIC\Dedicaces.tex")
[1



] ("F:\Rapport ISTIC\Rapport ISTIC\Remerciements.tex") [2



] ("F:\Rapport ISTIC\Rapport ISTIC\Main.toc")
\tf@toc=\write3
 [3


]
("F:\Rapport ISTIC\Rapport ISTIC\Main.lof")
\tf@lof=\write4
 [4

] ("F:\Rapport ISTIC\Rapport ISTIC\Main.lot")
\tf@lot=\write5
 [5

]
("F:\Rapport ISTIC\Rapport ISTIC\Introduction.tex") [1


] ("F:\Rapport ISTIC\Rapport ISTIC\Chapitre1.tex"
Chapitre 1.
<image3.png, id=38, 361.35pt x 216.81pt>
File: image3.png Graphic file (type png)
 <use image3.png>
Package pdftex.def Info: image3.png used on input line 24.
(pdftex.def)             Requested size: 369.88582pt x 221.93393pt.

Overfull \hbox (24.88582pt too wide) in paragraph at lines 24--25
[][] 
 []


LaTeX Warning: `!h' float specifier changed to `!ht'.

[2



] [3 <F:/Rapport ISTIC/Rapport ISTIC/image3.png>]) [4] ("F:\Rapport ISTIC\Rapport ISTIC\Chapitre2.tex"
Chapitre 2.
LaTeX Font Info:    Try loading font information for T1+cmtt on input line 9.
("C:\Program Files (x86)\MiKTeX 2.9\tex\latex\base\t1cmtt.fd"
File: t1cmtt.fd 2014/09/29 v2.5h Standard LaTeX font definitions
)
Overfull \hbox (21.02539pt too wide) in paragraph at lines 9--12
[]\T1/cmr/m/n/10 Ce do-cu-ment est un exemple de l'uti-li-sa-tion de l'en-vi-ron-ne-ment \T1/cmtt/m/n/10 thebibliography

 []

) [5



] ("F:\Rapport ISTIC\Rapport ISTIC\Chapitre3.tex"
Chapitre 3.

Underfull \hbox (badness 1122) detected at line 57
 []$[]  \OML/cmm/m/it/10 a \OT1/cmr/m/n/10 + \OML/cmm/m/it/10 b \OT1/cmr/m/n/10 + \OML/cmm/m/it/10 c \OT1/cmr/m/n/10 + \
OML/cmm/m/it/10 d \OT1/cmr/m/n/10 + \OML/cmm/m/it/10 e \OT1/cmr/m/n/10 + \OML/cmm/m/it/10 f \OT1/cmr/m/n/10 + \OML/cmm/m
/it/10 g \OT1/cmr/m/n/10 + \OML/cmm/m/it/10 h \OT1/cmr/m/n/10 + \OML/cmm/m/it/10 i \OT1/cmr/m/n/10 = \OML/cmm/m/it/10 j 
\OT1/cmr/m/n/10 + \OML/cmm/m/it/10 k \OT1/cmr/m/n/10 + \OML/cmm/m/it/10 l \OT1/cmr/m/n/10 + \OML/cmm/m/it/10 m \OT1/cmr/
m/n/10 + \OML/cmm/m/it/10 n$ []  
 []

[6



])

Package Fancyhdr Warning: \headheight is too small (12.0pt): 
 Make it at least 12.1638pt.
 We now make it that large for the rest of the document.
 This may cause the page layout to be inconsistent, however.

[7] ("F:\Rapport ISTIC\Rapport ISTIC\Conclusion.tex") [8



] ("F:\Rapport ISTIC\Rapport ISTIC\Annexe1.tex") [9



]
("F:\Rapport ISTIC\Rapport ISTIC\Annexe2.tex"
Overfull \hbox (19.06429pt too wide) in paragraph at lines 7--33
 [] 
 []

) [10



] ("F:\Rapport ISTIC\Rapport ISTIC\Main.bbl") [11


] ("F:\Rapport ISTIC\Rapport ISTIC\Main.aux"
("F:\Rapport ISTIC\Rapport ISTIC\Garde.aux") ("F:\Rapport ISTIC\Rapport ISTIC\Dedicaces.aux")
("F:\Rapport ISTIC\Rapport ISTIC\Remerciements.aux") ("F:\Rapport ISTIC\Rapport ISTIC\Introduction.aux")
("F:\Rapport ISTIC\Rapport ISTIC\Chapitre1.aux") ("F:\Rapport ISTIC\Rapport ISTIC\Chapitre2.aux")
("F:\Rapport ISTIC\Rapport ISTIC\Chapitre3.aux") ("F:\Rapport ISTIC\Rapport ISTIC\Conclusion.aux")
("F:\Rapport ISTIC\Rapport ISTIC\Annexe1.aux") ("F:\Rapport ISTIC\Rapport ISTIC\Annexe2.aux")) ) 
Here is how much of TeX's memory you used:
 3642 strings out of 493705
 49208 string characters out of 3142148
 116365 words of memory out of 3000000
 6839 multiletter control sequences out of 15000+200000
 16476 words of font info for 33 fonts, out of 3000000 for 9000
 1025 hyphenation exceptions out of 8191
 34i,11n,43p,365b,439s stack positions out of 5000i,500n,10000p,200000b,50000s
 <C:\Users\Zayneb\AppDat
a\Local\MiKTeX\2.9\fonts\pk\ljfour\jknappen\ec\dpi600\ecti0700.pk> <C:\Users\Zayneb\AppData\Local\MiKTeX\2.9\fonts\pk\lj
four\jknappen\ec\dpi600\ecti1000.pk> <C:\Users\Zayneb\AppData\Local\MiKTeX\2.9\fonts\pk\ljfour\jknappen\ec\dpi600\ectt10
00.pk> <C:\Users\Zayneb\AppData\Local\MiKTeX\2.9\fonts\pk\ljfour\jknappen\ec\dpi600\eccc1000.pk> <C:\Users\Zayneb\AppDat
a\Local\MiKTeX\2.9\fonts\pk\ljfour\jknappen\ec\dpi600\ecbx2074.pk> <C:\Users\Zayneb\AppData\Local\MiKTeX\2.9\fonts\pk\lj
four\jknappen\ec\dpi600\ecbx1000.pk> <C:\Users\Zayneb\AppData\Local\MiKTeX\2.9\fonts\pk\ljfour\jknappen\ec\dpi600\ecrm09
00.pk> <C:\Users\Zayneb\AppData\Local\MiKTeX\2.9\fonts\pk\ljfour\jknappen\ec\dpi600\ecbx0900.pk> <C:\Users\Zayneb\AppDat
a\Local\MiKTeX\2.9\fonts\pk\ljfour\jknappen\ec\dpi600\ecrm0800.pk> <C:\Users\Zayneb\AppData\Local\MiKTeX\2.9\fonts\pk\lj
four\jknappen\ec\dpi600\ecbx1200.pk> <C:\Users\Zayneb\AppData\Local\MiKTeX\2.9\fonts\pk\ljfour\jknappen\ec\dpi600\ecbx24
88.pk> <C:\Users\Zayneb\AppData\Local\MiKTeX\2.9\fonts\pk\ljfour\jknappen\ec\dpi600\ecbx1440.pk> <C:\Users\Zayneb\AppDat
a\Local\MiKTeX\2.9\fonts\pk\ljfour\jknappen\ec\dpi600\ecrm1000.pk><C:/Program Files (x86)/MiKTeX 2.9/fonts/type1/public/
amsfonts/cm/cmex10.pfb><C:/Program Files (x86)/MiKTeX 2.9/fonts/type1/public/amsfonts/cm/cmmi10.pfb><C:/Program Files (x
86)/MiKTeX 2.9/fonts/type1/public/amsfonts/cm/cmmi7.pfb><C:/Program Files (x86)/MiKTeX 2.9/fonts/type1/public/amsfonts/c
m/cmr10.pfb><C:/Program Files (x86)/MiKTeX 2.9/fonts/type1/public/amsfonts/cm/cmr7.pfb>
Output written on Main.pdf (17 pages, 249628 bytes).
PDF statistics:
 539 PDF objects out of 1000 (max. 8388607)
 0 named destinations out of 1000 (max. 500000)
 21 words of extra memory for PDF output out of 10000 (max. 10000000)

